<?xml version="1.0" encoding="UTF-8"?>
<!-- Generated by org.testng.reporters.JUnitReportReporter -->
<testsuite hostname="LAPTOP-L65L2QGF" failures="0" tests="1" name="com.anvsystems.tests.LoginTest" time="12.587" errors="0" timestamp="2023-11-02T17:52:58 IST" skipped="0">
  <testcase classname="com.anvsystems.tests.LoginTest" name="loginTestWithValidCredentials" time="12.587"/>
</testsuite> <!-- com.anvsystems.tests.LoginTest -->
