<?xml version="1.0" encoding="UTF-8"?>
<!-- Generated by org.testng.reporters.JUnitReportReporter -->
<testsuite hostname="LAPTOP-L65L2QGF" failures="0" tests="1" name="com.anvsystems.executionflow.FlowExecutionTest" time="0.003" errors="0" timestamp="2023-11-01T17:37:09 IST" skipped="0">
  <testcase classname="com.anvsystems.executionflow.FlowExecutionTest" name="test1" time="0.003"/>
</testsuite> <!-- com.anvsystems.executionflow.FlowExecutionTest -->
