<?xml version="1.0" encoding="UTF-8"?>
<!-- Generated by org.testng.reporters.JUnitReportReporter -->
<testsuite hostname="LAPTOP-L65L2QGF" failures="0" tests="1" name="com.anvsystems.waits.Assignment" time="10.584" errors="0" timestamp="2023-10-31T13:09:44 IST" skipped="0">
  <testcase classname="com.anvsystems.waits.Assignment" name="changeText" time="10.584"/>
</testsuite> <!-- com.anvsystems.waits.Assignment -->
