<?xml version="1.0" encoding="UTF-8"?>
<!-- Generated by org.testng.reporters.JUnitReportReporter -->
<testsuite hostname="LAPTOP-L65L2QGF" failures="0" tests="1" name="com.anvsystems.waits.ImplicitWaitDemo" time="15.640" errors="0" timestamp="2023-10-31T12:38:50 IST" skipped="0">
  <testcase classname="com.anvsystems.waits.ImplicitWaitDemo" name="implicitwaitTest" time="15.640"/>
</testsuite> <!-- com.anvsystems.waits.ImplicitWaitDemo -->
