<?xml version="1.0" encoding="UTF-8"?>
<!-- Generated by org.testng.reporters.JUnitReportReporter -->
<testsuite hostname="LAPTOP-L65L2QGF" failures="0" tests="1" name="com.anvsystems.waits.ExplicitWaitDemo" time="13.799" errors="0" timestamp="2023-10-30T23:19:33 IST" skipped="0">
  <testcase classname="com.anvsystems.waits.ExplicitWaitDemo" name="explictWaitTest" time="13.799"/>
</testsuite> <!-- com.anvsystems.waits.ExplicitWaitDemo -->
