<?xml version="1.0" encoding="UTF-8"?>
<!-- Generated by org.testng.reporters.JUnitReportReporter -->
<testsuite hostname="LAPTOP-L65L2QGF" failures="0" tests="1" name="com.anvsystems.test.LoginTest" time="0.028" errors="0" timestamp="2023-10-30T14:39:23 IST" skipped="0">
  <testcase classname="com.anvsystems.test.LoginTest" name="compareTest" time="0.028"/>
</testsuite> <!-- com.anvsystems.test.LoginTest -->
